<?xml version="1.0" encoding="UTF-8"?>
<testsuite xmlns:xsi="http://www.w3.org/2001/XMLSchema-instance" xsi:noNamespaceSchemaLocation="https://maven.apache.org/surefire/maven-surefire-plugin/xsd/surefire-test-report.xsd" name="UiRegressionRunner" time="17.782" tests="1" errors="0" skipped="0" failures="0">
  <properties>
[...]
</properties>
  <testcase name="Positive Case. As a user, I want to successfully create Digital Bank account" classname="co.wedevx.digitalbank.automation.ui.runners.UiRegressionRunner" time="17.34"/>
</testsuite>